[2019-07-23 23:51:10,698] INFO Reading configuration from: config/zookeeper.properties (org.apache.zookeeper.server.quorum.QuorumPeerConfig)
[2019-07-23 23:51:10,705] INFO autopurge.snapRetainCount set to 3 (org.apache.zookeeper.server.DatadirCleanupManager)
[2019-07-23 23:51:10,706] INFO autopurge.purgeInterval set to 0 (org.apache.zookeeper.server.DatadirCleanupManager)
[2019-07-23 23:51:10,706] INFO Purge task is not scheduled. (org.apache.zookeeper.server.DatadirCleanupManager)
[2019-07-23 23:51:10,707] WARN Either no config or no quorum defined in config, running  in standalone mode (org.apache.zookeeper.server.quorum.QuorumPeerMain)
[2019-07-23 23:51:10,725] INFO Reading configuration from: config/zookeeper.properties (org.apache.zookeeper.server.quorum.QuorumPeerConfig)
[2019-07-23 23:51:10,729] INFO Starting server (org.apache.zookeeper.server.ZooKeeperServerMain)
[2019-07-23 23:51:10,737] INFO Server environment:zookeeper.version=3.4.13-2d71af4dbe22557fda74f9a9b4309b15a7487f03, built on 06/29/2018 00:39 GMT (org.apache.zookeeper.server.ZooKeeperServer)
[2019-07-23 23:51:10,738] INFO Server environment:host.name=c79c5bf8a946 (org.apache.zookeeper.server.ZooKeeperServer)
[2019-07-23 23:51:10,739] INFO Server environment:java.version=11.0.3 (org.apache.zookeeper.server.ZooKeeperServer)
[2019-07-23 23:51:10,739] INFO Server environment:java.vendor=Oracle Corporation (org.apache.zookeeper.server.ZooKeeperServer)
[2019-07-23 23:51:10,740] INFO Server environment:java.home=/usr/lib/jvm/java-11-openjdk-amd64 (org.apache.zookeeper.server.ZooKeeperServer)
[2019-07-23 23:51:10,740] INFO Server environment:java.class.path=/usr/local/kafka/bin/../libs/activation-1.1.1.jar:/usr/local/kafka/bin/../libs/aopalliance-repackaged-2.5.0-b42.jar:/usr/local/kafka/bin/../libs/argparse4j-0.7.0.jar:/usr/local/kafka/bin/../libs/audience-annotations-0.5.0.jar:/usr/local/kafka/bin/../libs/commons-lang3-3.8.1.jar:/usr/local/kafka/bin/../libs/connect-api-2.2.1.jar:/usr/local/kafka/bin/../libs/connect-basic-auth-extension-2.2.1.jar:/usr/local/kafka/bin/../libs/connect-file-2.2.1.jar:/usr/local/kafka/bin/../libs/connect-json-2.2.1.jar:/usr/local/kafka/bin/../libs/connect-runtime-2.2.1.jar:/usr/local/kafka/bin/../libs/connect-transforms-2.2.1.jar:/usr/local/kafka/bin/../libs/guava-20.0.jar:/usr/local/kafka/bin/../libs/hk2-api-2.5.0-b42.jar:/usr/local/kafka/bin/../libs/hk2-locator-2.5.0-b42.jar:/usr/local/kafka/bin/../libs/hk2-utils-2.5.0-b42.jar:/usr/local/kafka/bin/../libs/jackson-annotations-2.9.8.jar:/usr/local/kafka/bin/../libs/jackson-core-2.9.8.jar:/usr/local/kafka/bin/../libs/jackson-databind-2.9.8.jar:/usr/local/kafka/bin/../libs/jackson-datatype-jdk8-2.9.8.jar:/usr/local/kafka/bin/../libs/jackson-jaxrs-base-2.9.8.jar:/usr/local/kafka/bin/../libs/jackson-jaxrs-json-provider-2.9.8.jar:/usr/local/kafka/bin/../libs/jackson-module-jaxb-annotations-2.9.8.jar:/usr/local/kafka/bin/../libs/javassist-3.22.0-CR2.jar:/usr/local/kafka/bin/../libs/javax.annotation-api-1.2.jar:/usr/local/kafka/bin/../libs/javax.inject-1.jar:/usr/local/kafka/bin/../libs/javax.inject-2.5.0-b42.jar:/usr/local/kafka/bin/../libs/javax.servlet-api-3.1.0.jar:/usr/local/kafka/bin/../libs/javax.ws.rs-api-2.1.1.jar:/usr/local/kafka/bin/../libs/javax.ws.rs-api-2.1.jar:/usr/local/kafka/bin/../libs/jaxb-api-2.3.0.jar:/usr/local/kafka/bin/../libs/jersey-client-2.27.jar:/usr/local/kafka/bin/../libs/jersey-common-2.27.jar:/usr/local/kafka/bin/../libs/jersey-container-servlet-2.27.jar:/usr/local/kafka/bin/../libs/jersey-container-servlet-core-2.27.jar:/usr/local/kafka/bin/../libs/jersey-hk2-2.27.jar:/usr/local/kafka/bin/../libs/jersey-media-jaxb-2.27.jar:/usr/local/kafka/bin/../libs/jersey-server-2.27.jar:/usr/local/kafka/bin/../libs/jetty-client-9.4.14.v20181114.jar:/usr/local/kafka/bin/../libs/jetty-continuation-9.4.14.v20181114.jar:/usr/local/kafka/bin/../libs/jetty-http-9.4.14.v20181114.jar:/usr/local/kafka/bin/../libs/jetty-io-9.4.14.v20181114.jar:/usr/local/kafka/bin/../libs/jetty-security-9.4.14.v20181114.jar:/usr/local/kafka/bin/../libs/jetty-server-9.4.14.v20181114.jar:/usr/local/kafka/bin/../libs/jetty-servlet-9.4.14.v20181114.jar:/usr/local/kafka/bin/../libs/jetty-servlets-9.4.14.v20181114.jar:/usr/local/kafka/bin/../libs/jetty-util-9.4.14.v20181114.jar:/usr/local/kafka/bin/../libs/jopt-simple-5.0.4.jar:/usr/local/kafka/bin/../libs/kafka-clients-2.2.1.jar:/usr/local/kafka/bin/../libs/kafka-log4j-appender-2.2.1.jar:/usr/local/kafka/bin/../libs/kafka-streams-2.2.1.jar:/usr/local/kafka/bin/../libs/kafka-streams-examples-2.2.1.jar:/usr/local/kafka/bin/../libs/kafka-streams-scala_2.12-2.2.1.jar:/usr/local/kafka/bin/../libs/kafka-streams-test-utils-2.2.1.jar:/usr/local/kafka/bin/../libs/kafka-tools-2.2.1.jar:/usr/local/kafka/bin/../libs/kafka_2.12-2.2.1-sources.jar:/usr/local/kafka/bin/../libs/kafka_2.12-2.2.1.jar:/usr/local/kafka/bin/../libs/log4j-1.2.17.jar:/usr/local/kafka/bin/../libs/lz4-java-1.5.0.jar:/usr/local/kafka/bin/../libs/maven-artifact-3.6.0.jar:/usr/local/kafka/bin/../libs/metrics-core-2.2.0.jar:/usr/local/kafka/bin/../libs/osgi-resource-locator-1.0.1.jar:/usr/local/kafka/bin/../libs/plexus-utils-3.1.0.jar:/usr/local/kafka/bin/../libs/reflections-0.9.11.jar:/usr/local/kafka/bin/../libs/rocksdbjni-5.15.10.jar:/usr/local/kafka/bin/../libs/scala-library-2.12.8.jar:/usr/local/kafka/bin/../libs/scala-logging_2.12-3.9.0.jar:/usr/local/kafka/bin/../libs/scala-reflect-2.12.8.jar:/usr/local/kafka/bin/../libs/slf4j-api-1.7.25.jar:/usr/local/kafka/bin/../libs/slf4j-log4j12-1.7.25.jar:/usr/local/kafka/bin/../libs/snappy-java-1.1.7.2.jar:/usr/local/kafka/bin/../libs/validation-api-1.1.0.Final.jar:/usr/local/kafka/bin/../libs/zkclient-0.11.jar:/usr/local/kafka/bin/../libs/zookeeper-3.4.13.jar:/usr/local/kafka/bin/../libs/zstd-jni-1.3.8-1.jar (org.apache.zookeeper.server.ZooKeeperServer)
[2019-07-23 23:51:10,741] INFO Server environment:java.library.path=/usr/java/packages/lib:/usr/lib/x86_64-linux-gnu/jni:/lib/x86_64-linux-gnu:/usr/lib/x86_64-linux-gnu:/usr/lib/jni:/lib:/usr/lib (org.apache.zookeeper.server.ZooKeeperServer)
[2019-07-23 23:51:10,742] INFO Server environment:java.io.tmpdir=/tmp (org.apache.zookeeper.server.ZooKeeperServer)
[2019-07-23 23:51:10,742] INFO Server environment:java.compiler=<NA> (org.apache.zookeeper.server.ZooKeeperServer)
[2019-07-23 23:51:10,743] INFO Server environment:os.name=Linux (org.apache.zookeeper.server.ZooKeeperServer)
[2019-07-23 23:51:10,743] INFO Server environment:os.arch=amd64 (org.apache.zookeeper.server.ZooKeeperServer)
[2019-07-23 23:51:10,744] INFO Server environment:os.version=4.9.125-linuxkit (org.apache.zookeeper.server.ZooKeeperServer)
[2019-07-23 23:51:10,744] INFO Server environment:user.name=root (org.apache.zookeeper.server.ZooKeeperServer)
[2019-07-23 23:51:10,745] INFO Server environment:user.home=/root (org.apache.zookeeper.server.ZooKeeperServer)
[2019-07-23 23:51:10,745] INFO Server environment:user.dir=/usr/local/kafka (org.apache.zookeeper.server.ZooKeeperServer)
[2019-07-23 23:51:10,753] INFO tickTime set to 3000 (org.apache.zookeeper.server.ZooKeeperServer)
[2019-07-23 23:51:10,754] INFO minSessionTimeout set to -1 (org.apache.zookeeper.server.ZooKeeperServer)
[2019-07-23 23:51:10,754] INFO maxSessionTimeout set to -1 (org.apache.zookeeper.server.ZooKeeperServer)
[2019-07-23 23:51:10,763] INFO Using org.apache.zookeeper.server.NIOServerCnxnFactory as server connection factory (org.apache.zookeeper.server.ServerCnxnFactory)
[2019-07-23 23:51:10,768] INFO binding to port 0.0.0.0/0.0.0.0:2181 (org.apache.zookeeper.server.NIOServerCnxnFactory)
[2019-07-23 23:51:11,771] INFO Accepted socket connection from /172.19.0.2:35240 (org.apache.zookeeper.server.NIOServerCnxnFactory)
[2019-07-23 23:51:11,784] INFO Client attempting to establish new session at /172.19.0.2:35240 (org.apache.zookeeper.server.ZooKeeperServer)
[2019-07-23 23:51:11,789] INFO Creating new log file: log.1 (org.apache.zookeeper.server.persistence.FileTxnLog)
[2019-07-23 23:51:11,802] INFO Established session 0x100005dcf1a0000 with negotiated timeout 6000 for client /172.19.0.2:35240 (org.apache.zookeeper.server.ZooKeeperServer)
[2019-07-23 23:51:11,880] INFO Got user-level KeeperException when processing sessionid:0x100005dcf1a0000 type:create cxid:0x2 zxid:0x3 txntype:-1 reqpath:n/a Error Path:/brokers Error:KeeperErrorCode = NoNode for /brokers (org.apache.zookeeper.server.PrepRequestProcessor)
[2019-07-23 23:51:11,902] INFO Got user-level KeeperException when processing sessionid:0x100005dcf1a0000 type:create cxid:0x6 zxid:0x7 txntype:-1 reqpath:n/a Error Path:/config Error:KeeperErrorCode = NoNode for /config (org.apache.zookeeper.server.PrepRequestProcessor)
[2019-07-23 23:51:11,915] INFO Got user-level KeeperException when processing sessionid:0x100005dcf1a0000 type:create cxid:0x9 zxid:0xa txntype:-1 reqpath:n/a Error Path:/admin Error:KeeperErrorCode = NoNode for /admin (org.apache.zookeeper.server.PrepRequestProcessor)
[2019-07-23 23:51:12,110] INFO Got user-level KeeperException when processing sessionid:0x100005dcf1a0000 type:create cxid:0x15 zxid:0x15 txntype:-1 reqpath:n/a Error Path:/cluster Error:KeeperErrorCode = NoNode for /cluster (org.apache.zookeeper.server.PrepRequestProcessor)
[2019-07-23 23:51:13,595] INFO Got user-level KeeperException when processing sessionid:0x100005dcf1a0000 type:multi cxid:0x38 zxid:0x1c txntype:-1 reqpath:n/a aborting remaining multi ops. Error Path:/admin/preferred_replica_election Error:KeeperErrorCode = NoNode for /admin/preferred_replica_election (org.apache.zookeeper.server.PrepRequestProcessor)
